<?xml version="1.0" encoding="UTF-8"?>
<!-- Generated by org.testng.reporters.JUnitReportReporter -->
<testsuite skipped="0" hostname="LAPTOP-0JF24479" name="com.crm.qa.tests.LoginPageTest" tests="3" failures="0" timestamp="14 Sep 2018 19:16:23 GMT" time="24.282" errors="0">
  <testcase name="loginPageTitleTest" time="6.118" classname="com.crm.qa.tests.LoginPageTest"/>
  <testcase name="crmLogoTest" time="5.997" classname="com.crm.qa.tests.LoginPageTest"/>
  <testcase name="loginTest" time="12.167" classname="com.crm.qa.tests.LoginPageTest"/>
</testsuite> <!-- com.crm.qa.tests.LoginPageTest -->
