<?xml version="1.0" encoding="UTF-8"?>
<!-- Generated by org.testng.reporters.JUnitReportReporter -->
<testsuite skipped="0" hostname="LAPTOP-0JF24479" name="com.crm.qa.tests.LoginPageTest" tests="3" failures="0" timestamp="24 Apr 2018 04:19:08 GMT" time="32.752" errors="0">
  <testcase name="loginPageTitleTest" time="7.386" classname="com.crm.qa.tests.LoginPageTest"/>
  <testcase name="crmLogoTest" time="7.852" classname="com.crm.qa.tests.LoginPageTest"/>
  <testcase name="loginTest" time="17.514" classname="com.crm.qa.tests.LoginPageTest"/>
</testsuite> <!-- com.crm.qa.tests.LoginPageTest -->
