<?xml version="1.0" encoding="UTF-8"?>
<!-- Generated by org.testng.reporters.JUnitReportReporter -->
<testsuite skipped="0" hostname="LAPTOP-0JF24479" name="com.crm.qa.tests.ContactsPageTest" tests="2" failures="0" timestamp="31 Aug 2018 22:34:54 GMT" time="39.614" errors="0">
  <testcase name="verifyContactsLabelTest" time="19.211" classname="com.crm.qa.tests.ContactsPageTest"/>
  <testcase name="selectSingleContactTest" time="20.403" classname="com.crm.qa.tests.ContactsPageTest"/>
</testsuite> <!-- com.crm.qa.tests.ContactsPageTest -->
