<?xml version="1.0" encoding="UTF-8"?>
<!-- Generated by org.testng.reporters.JUnitReportReporter -->
<testsuite skipped="0" hostname="LAPTOP-0JF24479" name="com.crm.qa.tests.HomePageTest" tests="3" failures="0" timestamp="14 Sep 2018 19:56:07 GMT" time="34.742" errors="0">
  <testcase name="verifyHomePageTitleTest" time="10.123" classname="com.crm.qa.tests.HomePageTest"/>
  <testcase name="verifyUsernameTest" time="14.473" classname="com.crm.qa.tests.HomePageTest"/>
  <testcase name="clickOnContactsTest" time="10.146" classname="com.crm.qa.tests.HomePageTest"/>
</testsuite> <!-- com.crm.qa.tests.HomePageTest -->
