<?xml version="1.0" encoding="UTF-8"?>
<!-- Generated by org.testng.reporters.JUnitReportReporter -->
<testsuite skipped="0" hostname="LAPTOP-0JF24479" name="com.crm.qa.tests.ContactsPageTest" tests="2" failures="0" timestamp="24 Apr 2018 04:19:08 GMT" time="33.493" errors="0">
  <testcase name="verifyContactsLabelTest" time="16.359" classname="com.crm.qa.tests.ContactsPageTest"/>
  <testcase name="selectSingleContactTest" time="17.134" classname="com.crm.qa.tests.ContactsPageTest"/>
</testsuite> <!-- com.crm.qa.tests.ContactsPageTest -->
