<?xml version="1.0" encoding="UTF-8"?>
<!-- Generated by org.testng.reporters.JUnitReportReporter -->
<testsuite skipped="0" hostname="LAPTOP-0JF24479" name="com.crm.qa.tests.LoginPageTest" tests="3" failures="0" timestamp="24 Apr 2018 04:15:40 GMT" time="32.311" errors="0">
  <testcase name="loginPageTitleTest" time="8.363" classname="com.crm.qa.tests.LoginPageTest"/>
  <testcase name="crmLogoTest" time="7.917" classname="com.crm.qa.tests.LoginPageTest"/>
  <testcase name="loginTest" time="16.031" classname="com.crm.qa.tests.LoginPageTest"/>
</testsuite> <!-- com.crm.qa.tests.LoginPageTest -->
