<?xml version="1.0" encoding="UTF-8"?>
<!-- Generated by org.testng.reporters.JUnitReportReporter -->
<testsuite skipped="0" hostname="LAPTOP-0JF24479" name="com.crm.qa.tests.HomePageTest" tests="3" failures="0" timestamp="24 Apr 2018 04:15:40 GMT" time="50.114" errors="0">
  <testcase name="verifyHomePageTitleTest" time="16.688" classname="com.crm.qa.tests.HomePageTest"/>
  <testcase name="verifyUsernameTest" time="16.617" classname="com.crm.qa.tests.HomePageTest"/>
  <testcase name="clickOnContactsTest" time="16.809" classname="com.crm.qa.tests.HomePageTest"/>
</testsuite> <!-- com.crm.qa.tests.HomePageTest -->
